Start auto log messages stack - Iteration 9.	[MsgId: MMSG-10545]
t=00092310ms: Step 1: Wait 3 seconds started    [MsgId: MMSG-205180]	[MsgId: MMSG-205180]
t=00095541ms: Step 1: Wait 3 seconds successfully completed with End Event "Action completed"    [MsgId: MMSG-205180]	[MsgId: MMSG-205180]
Notify: Transaction "Homepage" started.	[MsgId: MMSG-16999]
t=00096044ms: Step 2: Navigate to "http://16.60.179.203/index.html" started    [MsgId: MMSG-205180]	[MsgId: MMSG-205180]
t=00097291ms: Step 2: Navigate to http://16.60.179.203/index.html successfully completed with End Event "Document Loaded"    [MsgId: MMSG-205180]	[MsgId: MMSG-205180]
Notify: Transaction "Homepage" ended with a "Pass" status (Duration: 1.2480 Wasted Time: 0.2110).	[MsgId: MMSG-16871]
t=00097307ms: Step 3: Wait 3 seconds started    [MsgId: MMSG-205180]	[MsgId: MMSG-205180]
t=00100560ms: Step 3: Wait 3 seconds successfully completed with End Event "Action completed"    [MsgId: MMSG-205180]	[MsgId: MMSG-205180]
Ending Vuser...	[MsgId: MMSG-205066]
Vuser Terminated.	[MsgId: MMSG-205063]
Error: Message sent by service with id=250 failed. No service provider was set at the target point.	[MsgId: MERR-29741]
Start auto log messages stack - Iteration 6.	[MsgId: MMSG-10545]
t=00097557ms: Step 1: Wait 3 seconds started    [MsgId: MMSG-205180]	[MsgId: MMSG-205180]
t=00100807ms: Step 1: Wait 3 seconds successfully completed with End Event "Action completed"    [MsgId: MMSG-205180]	[MsgId: MMSG-205180]
Ending Vuser...	[MsgId: MMSG-205066]
Vuser Terminated.	[MsgId: MMSG-205063]
Notify: Transaction "Homepage" started.	[MsgId: MMSG-16999]
t=00101334ms: Step 2: Navigate to "http://16.60.179.203/index.html" started    [MsgId: MMSG-205180]	[MsgId: MMSG-205180]
Error: Vuser started transaction "Homepage", but did not reach a corresponding end transaction statement. The transaction ended automatically with status 'fail'.	[MsgId: MERR-16921]
End auto log messages stack.	[MsgId: MMSG-10544]


